I, [2017-02-21T16:54:55.199611 #20533]  INFO -- : Refreshing Gem list
/home/share/ishizuka_genta/.rbenv/versions/2.4.0/lib/ruby/gems/2.4.0/gems/activesupport-5.0.1/lib/active_support/xml_mini.rb:51: warning: constant ::Fixnum is deprecated
/home/share/ishizuka_genta/.rbenv/versions/2.4.0/lib/ruby/gems/2.4.0/gems/activesupport-5.0.1/lib/active_support/xml_mini.rb:52: warning: constant ::Bignum is deprecated
/home/share/ishizuka_genta/.rbenv/versions/2.4.0/lib/ruby/gems/2.4.0/gems/activesupport-5.0.1/lib/active_support/core_ext/numeric/conversions.rb:138: warning: constant ::Fixnum is deprecated
I, [2017-02-21T16:54:57.123575 #20533]  INFO -- : listening on addr=/home/share/ishizuka_genta/arsr/tmp/unicorn.sock fd=13
I, [2017-02-21T16:54:57.315228 #20542]  INFO -- : worker=0 ready
I, [2017-02-21T16:54:57.318888 #20548]  INFO -- : worker=2 ready
I, [2017-02-21T16:54:57.319284 #20545]  INFO -- : worker=1 ready
I, [2017-02-21T16:54:57.320613 #20533]  INFO -- : master process ready
I, [2017-02-21T16:54:57.322729 #20551]  INFO -- : worker=3 ready
I, [2017-02-21T18:10:03.861129 #20533]  INFO -- : reaped #<Process::Status: pid 20542 exit 0> worker=0
I, [2017-02-21T18:10:03.861285 #20533]  INFO -- : reaped #<Process::Status: pid 20545 exit 0> worker=1
I, [2017-02-21T18:10:03.861350 #20533]  INFO -- : reaped #<Process::Status: pid 20548 exit 0> worker=2
I, [2017-02-21T18:10:03.861408 #20533]  INFO -- : reaped #<Process::Status: pid 20551 exit 0> worker=3
I, [2017-02-21T18:10:03.861616 #20533]  INFO -- : master complete
I, [2017-02-21T18:11:21.933761 #21202]  INFO -- : Refreshing Gem list
/home/share/ishizuka_genta/.rbenv/versions/2.4.0/lib/ruby/gems/2.4.0/gems/activesupport-5.0.1/lib/active_support/xml_mini.rb:51: warning: constant ::Fixnum is deprecated
/home/share/ishizuka_genta/.rbenv/versions/2.4.0/lib/ruby/gems/2.4.0/gems/activesupport-5.0.1/lib/active_support/xml_mini.rb:52: warning: constant ::Bignum is deprecated
/home/share/ishizuka_genta/.rbenv/versions/2.4.0/lib/ruby/gems/2.4.0/gems/activesupport-5.0.1/lib/active_support/core_ext/numeric/conversions.rb:138: warning: constant ::Fixnum is deprecated
I, [2017-02-21T18:11:23.891269 #21202]  INFO -- : unlinking existing socket=/home/share/ishizuka_genta/arsr/tmp/unicorn.sock
I, [2017-02-21T18:11:23.891814 #21202]  INFO -- : listening on addr=/home/share/ishizuka_genta/arsr/tmp/unicorn.sock fd=13
I, [2017-02-21T18:11:24.080342 #21211]  INFO -- : worker=0 ready
I, [2017-02-21T18:11:24.082312 #21214]  INFO -- : worker=1 ready
I, [2017-02-21T18:11:24.083028 #21202]  INFO -- : master process ready
I, [2017-02-21T18:11:24.084360 #21217]  INFO -- : worker=2 ready
I, [2017-02-21T18:11:24.086136 #21220]  INFO -- : worker=3 ready
I, [2017-02-21T18:11:51.797570 #21202]  INFO -- : reaped #<Process::Status: pid 21211 exit 0> worker=0
I, [2017-02-21T18:11:51.797749 #21202]  INFO -- : reaped #<Process::Status: pid 21214 exit 0> worker=1
I, [2017-02-21T18:11:51.797819 #21202]  INFO -- : reaped #<Process::Status: pid 21217 exit 0> worker=2
I, [2017-02-21T18:11:51.797891 #21202]  INFO -- : reaped #<Process::Status: pid 21220 exit 0> worker=3
I, [2017-02-21T18:11:51.798176 #21202]  INFO -- : master complete
I, [2017-02-21T18:24:26.105447 #22072]  INFO -- : Refreshing Gem list
/home/share/ishizuka_genta/.rbenv/versions/2.4.0/lib/ruby/gems/2.4.0/gems/activesupport-5.0.1/lib/active_support/xml_mini.rb:51: warning: constant ::Fixnum is deprecated
/home/share/ishizuka_genta/.rbenv/versions/2.4.0/lib/ruby/gems/2.4.0/gems/activesupport-5.0.1/lib/active_support/xml_mini.rb:52: warning: constant ::Bignum is deprecated
/home/share/ishizuka_genta/.rbenv/versions/2.4.0/lib/ruby/gems/2.4.0/gems/activesupport-5.0.1/lib/active_support/core_ext/numeric/conversions.rb:138: warning: constant ::Fixnum is deprecated
/home/share/ishizuka_genta/.rbenv/versions/2.4.0/lib/ruby/gems/2.4.0/gems/activejob-5.0.1/lib/active_job/arguments.rb:38: warning: constant ::Fixnum is deprecated
/home/share/ishizuka_genta/.rbenv/versions/2.4.0/lib/ruby/gems/2.4.0/gems/activejob-5.0.1/lib/active_job/arguments.rb:38: warning: constant ::Bignum is deprecated
I, [2017-02-21T18:24:28.440498 #22072]  INFO -- : unlinking existing socket=/home/share/ishizuka_genta/arsr/tmp/unicorn.sock
I, [2017-02-21T18:24:28.443573 #22072]  INFO -- : listening on addr=/home/share/ishizuka_genta/arsr/tmp/unicorn.sock fd=8
E, [2017-02-21T18:24:28.449167 #22072] ERROR -- : Access denied for user 'arsr'@'localhost' (using password: NO) (Mysql2::Error)
/home/share/ishizuka_genta/.rbenv/versions/2.4.0/lib/ruby/gems/2.4.0/gems/mysql2-0.4.5/lib/mysql2/client.rb:89:in `connect'
/home/share/ishizuka_genta/.rbenv/versions/2.4.0/lib/ruby/gems/2.4.0/gems/mysql2-0.4.5/lib/mysql2/client.rb:89:in `initialize'
/home/share/ishizuka_genta/.rbenv/versions/2.4.0/lib/ruby/gems/2.4.0/gems/activerecord-5.0.1/lib/active_record/connection_adapters/mysql2_adapter.rb:25:in `new'
/home/share/ishizuka_genta/.rbenv/versions/2.4.0/lib/ruby/gems/2.4.0/gems/activerecord-5.0.1/lib/active_record/connection_adapters/mysql2_adapter.rb:25:in `mysql2_connection'
/home/share/ishizuka_genta/.rbenv/versions/2.4.0/lib/ruby/gems/2.4.0/gems/activerecord-5.0.1/lib/active_record/connection_adapters/abstract/connection_pool.rb:729:in `new_connection'
/home/share/ishizuka_genta/.rbenv/versions/2.4.0/lib/ruby/gems/2.4.0/gems/activerecord-5.0.1/lib/active_record/connection_adapters/abstract/connection_pool.rb:773:in `checkout_new_connection'
/home/share/ishizuka_genta/.rbenv/versions/2.4.0/lib/ruby/gems/2.4.0/gems/activerecord-5.0.1/lib/active_record/connection_adapters/abstract/connection_pool.rb:752:in `try_to_checkout_new_connection'
/home/share/ishizuka_genta/.rbenv/versions/2.4.0/lib/ruby/gems/2.4.0/gems/activerecord-5.0.1/lib/active_record/connection_adapters/abstract/connection_pool.rb:713:in `acquire_connection'
/home/share/ishizuka_genta/.rbenv/versions/2.4.0/lib/ruby/gems/2.4.0/gems/activerecord-5.0.1/lib/active_record/connection_adapters/abstract/connection_pool.rb:490:in `checkout'
/home/share/ishizuka_genta/.rbenv/versions/2.4.0/lib/ruby/gems/2.4.0/gems/activerecord-5.0.1/lib/active_record/connection_adapters/abstract/connection_pool.rb:364:in `connection'
/home/share/ishizuka_genta/.rbenv/versions/2.4.0/lib/ruby/gems/2.4.0/gems/activerecord-5.0.1/lib/active_record/connection_adapters/abstract/connection_pool.rb:883:in `retrieve_connection'
/home/share/ishizuka_genta/.rbenv/versions/2.4.0/lib/ruby/gems/2.4.0/gems/activerecord-5.0.1/lib/active_record/connection_handling.rb:128:in `retrieve_connection'
/home/share/ishizuka_genta/.rbenv/versions/2.4.0/lib/ruby/gems/2.4.0/gems/activerecord-5.0.1/lib/active_record/connection_handling.rb:91:in `connection'
/home/share/ishizuka_genta/arsr/config/unicorn.rb:19:in `block in reload'
/home/share/ishizuka_genta/.rbenv/versions/2.4.0/lib/ruby/gems/2.4.0/gems/unicorn-5.2.0/lib/unicorn/http_server.rb:502:in `spawn_missing_workers'
/home/share/ishizuka_genta/.rbenv/versions/2.4.0/lib/ruby/gems/2.4.0/gems/unicorn-5.2.0/lib/unicorn/http_server.rb:132:in `start'
/home/share/ishizuka_genta/.rbenv/versions/2.4.0/lib/ruby/gems/2.4.0/gems/unicorn-5.2.0/bin/unicorn_rails:209:in `<top (required)>'
/home/share/ishizuka_genta/.rbenv/versions/2.4.0/bin/unicorn_rails:22:in `load'
/home/share/ishizuka_genta/.rbenv/versions/2.4.0/bin/unicorn_rails:22:in `<top (required)>'
/home/share/ishizuka_genta/.rbenv/versions/2.4.0/lib/ruby/gems/2.4.0/gems/bundler-1.13.2/lib/bundler/cli/exec.rb:74:in `load'
/home/share/ishizuka_genta/.rbenv/versions/2.4.0/lib/ruby/gems/2.4.0/gems/bundler-1.13.2/lib/bundler/cli/exec.rb:74:in `kernel_load'
/home/share/ishizuka_genta/.rbenv/versions/2.4.0/lib/ruby/gems/2.4.0/gems/bundler-1.13.2/lib/bundler/cli/exec.rb:27:in `run'
/home/share/ishizuka_genta/.rbenv/versions/2.4.0/lib/ruby/gems/2.4.0/gems/bundler-1.13.2/lib/bundler/cli.rb:332:in `exec'
/home/share/ishizuka_genta/.rbenv/versions/2.4.0/lib/ruby/gems/2.4.0/gems/bundler-1.13.2/lib/bundler/vendor/thor/lib/thor/command.rb:27:in `run'
/home/share/ishizuka_genta/.rbenv/versions/2.4.0/lib/ruby/gems/2.4.0/gems/bundler-1.13.2/lib/bundler/vendor/thor/lib/thor/invocation.rb:126:in `invoke_command'
/home/share/ishizuka_genta/.rbenv/versions/2.4.0/lib/ruby/gems/2.4.0/gems/bundler-1.13.2/lib/bundler/vendor/thor/lib/thor.rb:359:in `dispatch'
/home/share/ishizuka_genta/.rbenv/versions/2.4.0/lib/ruby/gems/2.4.0/gems/bundler-1.13.2/lib/bundler/cli.rb:20:in `dispatch'
/home/share/ishizuka_genta/.rbenv/versions/2.4.0/lib/ruby/gems/2.4.0/gems/bundler-1.13.2/lib/bundler/vendor/thor/lib/thor/base.rb:440:in `start'
/home/share/ishizuka_genta/.rbenv/versions/2.4.0/lib/ruby/gems/2.4.0/gems/bundler-1.13.2/lib/bundler/cli.rb:11:in `start'
/home/share/ishizuka_genta/.rbenv/versions/2.4.0/lib/ruby/gems/2.4.0/gems/bundler-1.13.2/exe/bundle:34:in `block in <top (required)>'
/home/share/ishizuka_genta/.rbenv/versions/2.4.0/lib/ruby/gems/2.4.0/gems/bundler-1.13.2/lib/bundler/friendly_errors.rb:100:in `with_friendly_errors'
/home/share/ishizuka_genta/.rbenv/versions/2.4.0/lib/ruby/gems/2.4.0/gems/bundler-1.13.2/exe/bundle:26:in `<top (required)>'
/home/share/ishizuka_genta/.rbenv/versions/2.4.0/bin/bundle:22:in `load'
/home/share/ishizuka_genta/.rbenv/versions/2.4.0/bin/bundle:22:in `<main>'
I, [2017-02-21T18:24:59.665321 #22154]  INFO -- : Refreshing Gem list
/home/share/ishizuka_genta/.rbenv/versions/2.4.0/lib/ruby/gems/2.4.0/gems/activesupport-5.0.1/lib/active_support/xml_mini.rb:51: warning: constant ::Fixnum is deprecated
/home/share/ishizuka_genta/.rbenv/versions/2.4.0/lib/ruby/gems/2.4.0/gems/activesupport-5.0.1/lib/active_support/xml_mini.rb:52: warning: constant ::Bignum is deprecated
/home/share/ishizuka_genta/.rbenv/versions/2.4.0/lib/ruby/gems/2.4.0/gems/activesupport-5.0.1/lib/active_support/core_ext/numeric/conversions.rb:138: warning: constant ::Fixnum is deprecated
/home/share/ishizuka_genta/.rbenv/versions/2.4.0/lib/ruby/gems/2.4.0/gems/activejob-5.0.1/lib/active_job/arguments.rb:38: warning: constant ::Fixnum is deprecated
/home/share/ishizuka_genta/.rbenv/versions/2.4.0/lib/ruby/gems/2.4.0/gems/activejob-5.0.1/lib/active_job/arguments.rb:38: warning: constant ::Bignum is deprecated
I, [2017-02-21T18:25:02.025581 #22154]  INFO -- : unlinking existing socket=/home/share/ishizuka_genta/arsr/tmp/unicorn.sock
I, [2017-02-21T18:25:02.026647 #22154]  INFO -- : listening on addr=/home/share/ishizuka_genta/arsr/tmp/unicorn.sock fd=8
E, [2017-02-21T18:25:02.028987 #22154] ERROR -- : Access denied for user 'arsr'@'localhost' (using password: NO) (Mysql2::Error)
/home/share/ishizuka_genta/.rbenv/versions/2.4.0/lib/ruby/gems/2.4.0/gems/mysql2-0.4.5/lib/mysql2/client.rb:89:in `connect'
/home/share/ishizuka_genta/.rbenv/versions/2.4.0/lib/ruby/gems/2.4.0/gems/mysql2-0.4.5/lib/mysql2/client.rb:89:in `initialize'
/home/share/ishizuka_genta/.rbenv/versions/2.4.0/lib/ruby/gems/2.4.0/gems/activerecord-5.0.1/lib/active_record/connection_adapters/mysql2_adapter.rb:25:in `new'
/home/share/ishizuka_genta/.rbenv/versions/2.4.0/lib/ruby/gems/2.4.0/gems/activerecord-5.0.1/lib/active_record/connection_adapters/mysql2_adapter.rb:25:in `mysql2_connection'
/home/share/ishizuka_genta/.rbenv/versions/2.4.0/lib/ruby/gems/2.4.0/gems/activerecord-5.0.1/lib/active_record/connection_adapters/abstract/connection_pool.rb:729:in `new_connection'
/home/share/ishizuka_genta/.rbenv/versions/2.4.0/lib/ruby/gems/2.4.0/gems/activerecord-5.0.1/lib/active_record/connection_adapters/abstract/connection_pool.rb:773:in `checkout_new_connection'
/home/share/ishizuka_genta/.rbenv/versions/2.4.0/lib/ruby/gems/2.4.0/gems/activerecord-5.0.1/lib/active_record/connection_adapters/abstract/connection_pool.rb:752:in `try_to_checkout_new_connection'
/home/share/ishizuka_genta/.rbenv/versions/2.4.0/lib/ruby/gems/2.4.0/gems/activerecord-5.0.1/lib/active_record/connection_adapters/abstract/connection_pool.rb:713:in `acquire_connection'
/home/share/ishizuka_genta/.rbenv/versions/2.4.0/lib/ruby/gems/2.4.0/gems/activerecord-5.0.1/lib/active_record/connection_adapters/abstract/connection_pool.rb:490:in `checkout'
/home/share/ishizuka_genta/.rbenv/versions/2.4.0/lib/ruby/gems/2.4.0/gems/activerecord-5.0.1/lib/active_record/connection_adapters/abstract/connection_pool.rb:364:in `connection'
/home/share/ishizuka_genta/.rbenv/versions/2.4.0/lib/ruby/gems/2.4.0/gems/activerecord-5.0.1/lib/active_record/connection_adapters/abstract/connection_pool.rb:883:in `retrieve_connection'
/home/share/ishizuka_genta/.rbenv/versions/2.4.0/lib/ruby/gems/2.4.0/gems/activerecord-5.0.1/lib/active_record/connection_handling.rb:128:in `retrieve_connection'
/home/share/ishizuka_genta/.rbenv/versions/2.4.0/lib/ruby/gems/2.4.0/gems/activerecord-5.0.1/lib/active_record/connection_handling.rb:91:in `connection'
/home/share/ishizuka_genta/arsr/config/unicorn.rb:19:in `block in reload'
/home/share/ishizuka_genta/.rbenv/versions/2.4.0/lib/ruby/gems/2.4.0/gems/unicorn-5.2.0/lib/unicorn/http_server.rb:502:in `spawn_missing_workers'
/home/share/ishizuka_genta/.rbenv/versions/2.4.0/lib/ruby/gems/2.4.0/gems/unicorn-5.2.0/lib/unicorn/http_server.rb:132:in `start'
/home/share/ishizuka_genta/.rbenv/versions/2.4.0/lib/ruby/gems/2.4.0/gems/unicorn-5.2.0/bin/unicorn_rails:209:in `<top (required)>'
/home/share/ishizuka_genta/.rbenv/versions/2.4.0/bin/unicorn_rails:22:in `load'
/home/share/ishizuka_genta/.rbenv/versions/2.4.0/bin/unicorn_rails:22:in `<top (required)>'
/home/share/ishizuka_genta/.rbenv/versions/2.4.0/lib/ruby/gems/2.4.0/gems/bundler-1.13.2/lib/bundler/cli/exec.rb:74:in `load'
/home/share/ishizuka_genta/.rbenv/versions/2.4.0/lib/ruby/gems/2.4.0/gems/bundler-1.13.2/lib/bundler/cli/exec.rb:74:in `kernel_load'
/home/share/ishizuka_genta/.rbenv/versions/2.4.0/lib/ruby/gems/2.4.0/gems/bundler-1.13.2/lib/bundler/cli/exec.rb:27:in `run'
/home/share/ishizuka_genta/.rbenv/versions/2.4.0/lib/ruby/gems/2.4.0/gems/bundler-1.13.2/lib/bundler/cli.rb:332:in `exec'
/home/share/ishizuka_genta/.rbenv/versions/2.4.0/lib/ruby/gems/2.4.0/gems/bundler-1.13.2/lib/bundler/vendor/thor/lib/thor/command.rb:27:in `run'
/home/share/ishizuka_genta/.rbenv/versions/2.4.0/lib/ruby/gems/2.4.0/gems/bundler-1.13.2/lib/bundler/vendor/thor/lib/thor/invocation.rb:126:in `invoke_command'
/home/share/ishizuka_genta/.rbenv/versions/2.4.0/lib/ruby/gems/2.4.0/gems/bundler-1.13.2/lib/bundler/vendor/thor/lib/thor.rb:359:in `dispatch'
/home/share/ishizuka_genta/.rbenv/versions/2.4.0/lib/ruby/gems/2.4.0/gems/bundler-1.13.2/lib/bundler/cli.rb:20:in `dispatch'
/home/share/ishizuka_genta/.rbenv/versions/2.4.0/lib/ruby/gems/2.4.0/gems/bundler-1.13.2/lib/bundler/vendor/thor/lib/thor/base.rb:440:in `start'
/home/share/ishizuka_genta/.rbenv/versions/2.4.0/lib/ruby/gems/2.4.0/gems/bundler-1.13.2/lib/bundler/cli.rb:11:in `start'
/home/share/ishizuka_genta/.rbenv/versions/2.4.0/lib/ruby/gems/2.4.0/gems/bundler-1.13.2/exe/bundle:34:in `block in <top (required)>'
/home/share/ishizuka_genta/.rbenv/versions/2.4.0/lib/ruby/gems/2.4.0/gems/bundler-1.13.2/lib/bundler/friendly_errors.rb:100:in `with_friendly_errors'
/home/share/ishizuka_genta/.rbenv/versions/2.4.0/lib/ruby/gems/2.4.0/gems/bundler-1.13.2/exe/bundle:26:in `<top (required)>'
/home/share/ishizuka_genta/.rbenv/versions/2.4.0/bin/bundle:22:in `load'
/home/share/ishizuka_genta/.rbenv/versions/2.4.0/bin/bundle:22:in `<main>'
I, [2017-02-21T18:25:45.255077 #22240]  INFO -- : Refreshing Gem list
/home/share/ishizuka_genta/.rbenv/versions/2.4.0/lib/ruby/gems/2.4.0/gems/activesupport-5.0.1/lib/active_support/xml_mini.rb:51: warning: constant ::Fixnum is deprecated
/home/share/ishizuka_genta/.rbenv/versions/2.4.0/lib/ruby/gems/2.4.0/gems/activesupport-5.0.1/lib/active_support/xml_mini.rb:52: warning: constant ::Bignum is deprecated
/home/share/ishizuka_genta/.rbenv/versions/2.4.0/lib/ruby/gems/2.4.0/gems/activesupport-5.0.1/lib/active_support/core_ext/numeric/conversions.rb:138: warning: constant ::Fixnum is deprecated
I, [2017-02-21T18:25:47.259623 #22240]  INFO -- : unlinking existing socket=/home/share/ishizuka_genta/arsr/tmp/unicorn.sock
I, [2017-02-21T18:25:47.259986 #22240]  INFO -- : listening on addr=/home/share/ishizuka_genta/arsr/tmp/unicorn.sock fd=13
I, [2017-02-21T18:25:47.452072 #22249]  INFO -- : worker=0 ready
I, [2017-02-21T18:25:47.454080 #22252]  INFO -- : worker=1 ready
I, [2017-02-21T18:25:47.455640 #22240]  INFO -- : master process ready
I, [2017-02-21T18:25:47.456557 #22255]  INFO -- : worker=2 ready
I, [2017-02-21T18:25:47.458366 #22258]  INFO -- : worker=3 ready
I, [2017-02-21T18:34:10.256292 #22240]  INFO -- : reaped #<Process::Status: pid 22249 exit 0> worker=0
I, [2017-02-21T18:34:10.256439 #22240]  INFO -- : reaped #<Process::Status: pid 22252 exit 0> worker=1
I, [2017-02-21T18:34:10.256500 #22240]  INFO -- : reaped #<Process::Status: pid 22255 exit 0> worker=2
I, [2017-02-21T18:34:10.256556 #22240]  INFO -- : reaped #<Process::Status: pid 22258 exit 0> worker=3
I, [2017-02-21T18:34:10.256770 #22240]  INFO -- : master complete
I, [2017-02-21T18:34:17.733192 #22355]  INFO -- : Refreshing Gem list
/home/share/ishizuka_genta/.rbenv/versions/2.4.0/lib/ruby/gems/2.4.0/gems/activesupport-5.0.1/lib/active_support/xml_mini.rb:51: warning: constant ::Fixnum is deprecated
/home/share/ishizuka_genta/.rbenv/versions/2.4.0/lib/ruby/gems/2.4.0/gems/activesupport-5.0.1/lib/active_support/xml_mini.rb:52: warning: constant ::Bignum is deprecated
/home/share/ishizuka_genta/.rbenv/versions/2.4.0/lib/ruby/gems/2.4.0/gems/activesupport-5.0.1/lib/active_support/core_ext/numeric/conversions.rb:138: warning: constant ::Fixnum is deprecated
I, [2017-02-21T18:34:19.787371 #22355]  INFO -- : listening on addr=0.0.0.0:3000 fd=13
I, [2017-02-21T18:34:19.787665 #22355]  INFO -- : unlinking existing socket=/home/share/ishizuka_genta/arsr/tmp/unicorn.sock
I, [2017-02-21T18:34:19.788660 #22355]  INFO -- : listening on addr=/home/share/ishizuka_genta/arsr/tmp/unicorn.sock fd=14
I, [2017-02-21T18:34:19.983042 #22364]  INFO -- : worker=0 ready
I, [2017-02-21T18:34:19.985448 #22367]  INFO -- : worker=1 ready
I, [2017-02-21T18:34:19.986530 #22370]  INFO -- : worker=2 ready
I, [2017-02-21T18:34:19.987166 #22355]  INFO -- : master process ready
I, [2017-02-21T18:34:19.988627 #22373]  INFO -- : worker=3 ready
/home/share/ishizuka_genta/.rbenv/versions/2.4.0/lib/ruby/gems/2.4.0/gems/will_paginate-3.1.0/lib/will_paginate/view_helpers/link_renderer.rb:27: warning: constant ::Fixnum is deprecated
/home/share/ishizuka_genta/.rbenv/versions/2.4.0/lib/ruby/gems/2.4.0/gems/will_paginate-3.1.0/lib/will_paginate/view_helpers/link_renderer.rb:91: warning: constant ::Fixnum is deprecated
/home/share/ishizuka_genta/.rbenv/versions/2.4.0/lib/ruby/gems/2.4.0/gems/will_paginate-3.1.0/lib/will_paginate/view_helpers/link_renderer.rb:27: warning: constant ::Fixnum is deprecated
/home/share/ishizuka_genta/.rbenv/versions/2.4.0/lib/ruby/gems/2.4.0/gems/will_paginate-3.1.0/lib/will_paginate/view_helpers/link_renderer.rb:91: warning: constant ::Fixnum is deprecated
/home/share/ishizuka_genta/.rbenv/versions/2.4.0/lib/ruby/gems/2.4.0/gems/will_paginate-3.1.0/lib/will_paginate/view_helpers/link_renderer.rb:27: warning: constant ::Fixnum is deprecated
/home/share/ishizuka_genta/.rbenv/versions/2.4.0/lib/ruby/gems/2.4.0/gems/will_paginate-3.1.0/lib/will_paginate/view_helpers/link_renderer.rb:91: warning: constant ::Fixnum is deprecated
/home/share/ishizuka_genta/.rbenv/versions/2.4.0/lib/ruby/gems/2.4.0/gems/will_paginate-3.1.0/lib/will_paginate/view_helpers/link_renderer.rb:27: warning: constant ::Fixnum is deprecated
/home/share/ishizuka_genta/.rbenv/versions/2.4.0/lib/ruby/gems/2.4.0/gems/will_paginate-3.1.0/lib/will_paginate/view_helpers/link_renderer.rb:91: warning: constant ::Fixnum is deprecated
